<?xml version="1.0" encoding="UTF-8"?>
<testng-results ignored="3" total="6" passed="3" failed="0" skipped="0">
  <reporter-output>
  </reporter-output>
  <suite started-at="2023-05-19T07:13:51 IST" name="Suite" finished-at="2023-05-19T07:14:47 IST" duration-ms="55860">
    <groups>
      <group name="regression">
        <method signature="LoginModule15Test.ForgetPassword()[pri:0, instance:execution15.LoginModule15Test@4ef782af]" name="ForgetPassword" class="execution15.LoginModule15Test"/>
        <method signature="RegistrationModuleTest.NegativeValidFullname()[pri:0, instance:execution15.RegistrationModuleTest@420a85c4]" name="NegativeValidFullname" class="execution15.RegistrationModuleTest"/>
        <method signature="RegistrationModuleTest.NegativeValidMobileNum()[pri:0, instance:execution15.RegistrationModuleTest@420a85c4]" name="NegativeValidMobileNum" class="execution15.RegistrationModuleTest"/>
      </group> <!-- regression -->
    </groups>
    <test started-at="2023-05-19T07:13:51 IST" name="Test" finished-at="2023-05-19T07:14:47 IST" duration-ms="55860">
      <class name="execution15.LoginModule15Test">
        <test-method is-config="true" signature="BrowserNavigation()[pri:0, instance:execution15.LoginModule15Test@4ef782af]" started-at="2023-05-19T07:13:51 IST" name="BrowserNavigation" finished-at="2023-05-19T07:14:39 IST" duration-ms="47938" status="PASS">
          <reporter-output>
          </reporter-output>
        </test-method> <!-- BrowserNavigation -->
        <test-method signature="ForgetPassword()[pri:0, instance:execution15.LoginModule15Test@4ef782af]" started-at="2023-05-19T07:14:39 IST" name="ForgetPassword" finished-at="2023-05-19T07:14:40 IST" duration-ms="978" status="PASS">
          <reporter-output>
          </reporter-output>
        </test-method> <!-- ForgetPassword -->
      </class> <!-- execution15.LoginModule15Test -->
      <class name="execution15.RegistrationModuleTest">
        <test-method is-config="true" signature="BrowserNavigation()[pri:0, instance:execution15.RegistrationModuleTest@420a85c4]" started-at="2023-05-19T07:14:40 IST" name="BrowserNavigation" finished-at="2023-05-19T07:14:43 IST" duration-ms="2319" status="PASS">
          <reporter-output>
          </reporter-output>
        </test-method> <!-- BrowserNavigation -->
        <test-method signature="NegativeValidFullname()[pri:0, instance:execution15.RegistrationModuleTest@420a85c4]" started-at="2023-05-19T07:14:43 IST" name="NegativeValidFullname" finished-at="2023-05-19T07:14:45 IST" duration-ms="2348" status="PASS">
          <reporter-output>
          </reporter-output>
        </test-method> <!-- NegativeValidFullname -->
        <test-method signature="NegativeValidMobileNum()[pri:0, instance:execution15.RegistrationModuleTest@420a85c4]" started-at="2023-05-19T07:14:45 IST" name="NegativeValidMobileNum" finished-at="2023-05-19T07:14:47 IST" duration-ms="2213" status="PASS">
          <reporter-output>
          </reporter-output>
        </test-method> <!-- NegativeValidMobileNum -->
      </class> <!-- execution15.RegistrationModuleTest -->
    </test> <!-- Test -->
  </suite> <!-- Suite -->
</testng-results>
