<?xml version="1.0" encoding="UTF-8"?>
<testng-results ignored="0" total="2" passed="2" failed="0" skipped="0">
  <reporter-output>
  </reporter-output>
  <suite started-at="2023-05-11T07:14:59 IST" name="Default suite" finished-at="2023-05-11T07:15:05 IST" duration-ms="5649">
    <groups>
      <group name="regression">
        <method signature="LoginModule15Test.ForgetPassword()[pri:0, instance:execution15.LoginModule15Test@1c7696c6]" name="ForgetPassword" class="execution15.LoginModule15Test"/>
      </group> <!-- regression -->
      <group name="smoke">
        <method signature="LoginModule15Test.NegativeLoginValidation()[pri:0, instance:execution15.LoginModule15Test@1c7696c6]" name="NegativeLoginValidation" class="execution15.LoginModule15Test"/>
      </group> <!-- smoke -->
    </groups>
    <test started-at="2023-05-11T07:14:59 IST" name="Default test" finished-at="2023-05-11T07:15:05 IST" duration-ms="5649">
      <class name="execution15.LoginModule15Test">
        <test-method is-config="true" signature="BrowserNavigation()[pri:0, instance:execution15.LoginModule15Test@1c7696c6]" started-at="2023-05-11T07:14:59 IST" name="BrowserNavigation" finished-at="2023-05-11T07:15:03 IST" duration-ms="3800" status="PASS">
          <reporter-output>
          </reporter-output>
        </test-method> <!-- BrowserNavigation -->
        <test-method signature="ForgetPassword()[pri:0, instance:execution15.LoginModule15Test@1c7696c6]" started-at="2023-05-11T07:15:03 IST" name="ForgetPassword" finished-at="2023-05-11T07:15:04 IST" duration-ms="1112" status="PASS">
          <reporter-output>
          </reporter-output>
        </test-method> <!-- ForgetPassword -->
        <test-method signature="NegativeLoginValidation()[pri:0, instance:execution15.LoginModule15Test@1c7696c6]" started-at="2023-05-11T07:15:04 IST" name="NegativeLoginValidation" finished-at="2023-05-11T07:15:05 IST" duration-ms="691" status="PASS">
          <reporter-output>
          </reporter-output>
        </test-method> <!-- NegativeLoginValidation -->
      </class> <!-- execution15.LoginModule15Test -->
    </test> <!-- Default test -->
  </suite> <!-- Default suite -->
</testng-results>
