<?xml version="1.0" encoding="UTF-8"?>
<!-- Generated by org.testng.reporters.JUnitXMLReporter -->
<testsuite ignored="5" hostname="VJ-ThinkVersion" failures="0" tests="2" name="HomePageModule" time="0.007" errors="0" timestamp="2023-05-10T07:07:14 IST">
  <testcase classname="execution.HomeModule" name="Bookticket" time="0.002"/>
  <testcase classname="execution.GalleryWallet" name="ViewWalletinfo" time="0.001"/>
  <testcase classname="execution.HomeModule" name="SearchBuses" time="0.0">
    <ignored/>
  </testcase> <!-- SearchBuses -->
  <testcase classname="execution.TicketStatus" name="TransactionStatus" time="0.0">
    <ignored/>
  </testcase> <!-- TransactionStatus -->
  <testcase classname="execution.TicketStatus" name="TicketEnquiry" time="0.0">
    <ignored/>
  </testcase> <!-- TicketEnquiry -->
  <testcase classname="execution.TicketStatus" name="ServiceStatus" time="0.0">
    <ignored/>
  </testcase> <!-- ServiceStatus -->
  <testcase classname="execution.GalleryWallet" name="ViewGallery" time="0.0">
    <ignored/>
  </testcase> <!-- ViewGallery -->
</testsuite> <!-- HomePageModule -->
