<?xml version="1.0" encoding="UTF-8"?>
<!-- Generated by org.testng.reporters.JUnitXMLReporter -->
<testsuite ignored="0" hostname="VJ-ThinkVersion" failures="1" tests="19" name="PackageExecution" time="32.501" errors="0" timestamp="2023-04-20T07:52:45 IST">
  <testcase classname="execution.GalleryWallet" name="ViewGallery" time="0.004"/>
  <testcase classname="execution.GalleryWallet" name="ViewWalletinfo" time="0.001"/>
  <testcase classname="execution.HomeModule" name="Bookticket" time="0.0"/>
  <testcase classname="execution.HomeModule" name="SearchBuses" time="0.002"/>
  <testcase classname="test.TrackTicketsModule" name="TimeTableTrack" time="0.001"/>
  <testcase classname="test.TrackTicketsModule" name="TrackService" time="0.001"/>
  <testcase classname="execution.Registration" name="NegativeValidEmail" time="0.002"/>
  <testcase classname="execution.Registration" name="NegativeValidLoginFullname" time="0.005"/>
  <testcase classname="execution.Registration" name="NegativeValidMobilenum" time="0.002"/>
  <testcase classname="execution.Registration" name="SuccessfulRegis" time="0.001"/>
  <testcase classname="execution.Signin" name="Forgetpassword" time="0.001"/>
  <testcase classname="execution.Signin" name="SiginNegValidation" time="0.003"/>
  <testcase classname="execution.Signin" name="SuccessfSigin" time="0.001"/>
  <testcase classname="execution.Signin" name="WebLogin" time="11.889"/>
  <testcase classname="execution.Signin" name="WebLogin" time="7.215"/>
  <testcase classname="execution.Signin" name="WebLogin" time="13.269"/>
  <testcase classname="execution.TicketStatus" name="TransactionStatus" time="0.008">
    <failure type="java.lang.AssertionError" message="Failed to understand the concept">
      <![CDATA[java.lang.AssertionError: Failed to understand the concept
at execution.TicketStatus.TransactionStatus(TicketStatus.java:18)
at java.base/java.util.ArrayList.forEach(ArrayList.java:1511)
... Removed 28 stack frames]]>
    </failure>
  </testcase> <!-- TransactionStatus -->
  <testcase classname="execution.TicketStatus" name="ServiceStatus" time="0.001"/>
  <testcase classname="execution.TicketStatus" name="TicketEnquiry" time="0.001">
    <skipped/>
  </testcase> <!-- TicketEnquiry -->
</testsuite> <!-- PackageExecution -->
