<?xml version="1.0" encoding="UTF-8"?>
<!-- Generated by org.testng.reporters.JUnitXMLReporter -->
<testsuite ignored="1" hostname="VJ-ThinkVersion" failures="0" tests="1" name="TrackModule" time="0.005" errors="0" timestamp="2023-05-10T07:07:14 IST">
  <testcase classname="test.TrackTicketsModule" name="TimeTableTrack" time="0.002"/>
  <testcase classname="test.TrackTicketsModule" name="TrackService" time="0.0">
    <ignored/>
  </testcase> <!-- TrackService -->
</testsuite> <!-- TrackModule -->
