<?xml version="1.0" encoding="UTF-8"?>
<!-- Generated by org.testng.reporters.JUnitXMLReporter -->
<testsuite ignored="3" hostname="VJ-ThinkVersion" failures="3" tests="3" name="Test" time="0.075" errors="0" timestamp="2023-05-10T07:32:15 IST">
  <testcase classname="execution15.LoginModule15Test" name="ForgetPassword" time="0.019">
    <failure type="java.lang.NullPointerException" message="Cannot invoke &amp;quot;org.openqa.selenium.WebDriver.findElement(org.openqa.selenium.By)&amp;quot; because &amp;quot;this.driver&amp;quot; is null">
      <![CDATA[java.lang.NullPointerException: Cannot invoke "org.openqa.selenium.WebDriver.findElement(org.openqa.selenium.By)" because "this.driver" is null
at objectRepository.HomePageObjectrepo.EticketLogin(HomePageObjectrepo.java:19)
at execution15.LoginModule15Test.ForgetPassword(LoginModule15Test.java:46)
at java.base/java.util.ArrayList.forEach(ArrayList.java:1511)
... Removed 27 stack frames]]>
    </failure>
  </testcase> <!-- ForgetPassword -->
  <testcase classname="execution15.RegistrationModuleTest" name="NegativeValidFullname" time="0.003">
    <failure type="java.lang.NullPointerException" message="Cannot invoke &amp;quot;org.openqa.selenium.WebDriver.findElement(org.openqa.selenium.By)&amp;quot; because &amp;quot;this.driver&amp;quot; is null">
      <![CDATA[java.lang.NullPointerException: Cannot invoke "org.openqa.selenium.WebDriver.findElement(org.openqa.selenium.By)" because "this.driver" is null
at objectRepository.HomePageObjectrepo.EticketLogin(HomePageObjectrepo.java:19)
at execution15.RegistrationModuleTest.NegativeValidFullname(RegistrationModuleTest.java:59)
at java.base/java.util.ArrayList.forEach(ArrayList.java:1511)
... Removed 27 stack frames]]>
    </failure>
  </testcase> <!-- NegativeValidFullname -->
  <testcase classname="execution15.RegistrationModuleTest" name="NegativeValidMobileNum" time="0.001">
    <failure type="java.lang.NullPointerException" message="Cannot invoke &amp;quot;org.openqa.selenium.WebDriver.findElement(org.openqa.selenium.By)&amp;quot; because &amp;quot;this.driver&amp;quot; is null">
      <![CDATA[java.lang.NullPointerException: Cannot invoke "org.openqa.selenium.WebDriver.findElement(org.openqa.selenium.By)" because "this.driver" is null
at objectRepository.HomePageObjectrepo.EticketLogin(HomePageObjectrepo.java:19)
at execution15.RegistrationModuleTest.NegativeValidMobileNum(RegistrationModuleTest.java:78)
at java.base/java.util.ArrayList.forEach(ArrayList.java:1511)
... Removed 27 stack frames]]>
    </failure>
  </testcase> <!-- NegativeValidMobileNum -->
  <testcase classname="execution15.RegistrationModuleTest" name="NegativeValidLoginame" time="0.0">
    <ignored/>
  </testcase> <!-- NegativeValidLoginame -->
  <testcase classname="execution15.LoginModule15Test" name="NegativeLoginValidation" time="0.0">
    <ignored/>
  </testcase> <!-- NegativeLoginValidation -->
  <testcase classname="execution15.HomeModuleTest" name="Searchbuses" time="0.0">
    <ignored/>
  </testcase> <!-- Searchbuses -->
</testsuite> <!-- Test -->
