<?xml version="1.0" encoding="UTF-8"?>
<!-- Generated by org.testng.reporters.JUnitXMLReporter -->
<testsuite ignored="3" hostname="VJ-ThinkVersion" failures="0" tests="3" name="Test" time="55.86" errors="0" timestamp="2023-05-19T07:14:48 IST">
  <testcase classname="execution15.LoginModule15Test" name="ForgetPassword" time="0.978"/>
  <testcase classname="execution15.RegistrationModuleTest" name="NegativeValidFullname" time="2.348"/>
  <testcase classname="execution15.RegistrationModuleTest" name="NegativeValidMobileNum" time="2.213"/>
  <testcase classname="execution15.RegistrationModuleTest" name="NegativeValidLoginame" time="0.0">
    <ignored/>
  </testcase> <!-- NegativeValidLoginame -->
  <testcase classname="execution15.HomeModuleTest" name="Searchbuses" time="0.0">
    <ignored/>
  </testcase> <!-- Searchbuses -->
  <testcase classname="execution15.LoginModule15Test" name="NegativeLoginValidation" time="0.0">
    <ignored/>
  </testcase> <!-- NegativeLoginValidation -->
</testsuite> <!-- Test -->
